.
├── advanced_pog
│   ├── experiment
│   │   ├── E1
│   │   │   ├── retro_snake.cpp
│   │   │   ├── retro_snake.h
│   │   │   └── WU_FILE_0.pdf
│   │   └── requirement.md
│   ├── homework
│   │   ├── L1
│   │   │   └── hw_1.cpp
│   │   ├── L2
│   │   │   ├── BoxWithFixedHeight.cpp
│   │   │   ├── Matrix.cpp
│   │   │   └── test
│   │   └── L3
│   │       ├── matrix.cpp
│   │       ├── single.cpp
│   │       ├── string.cpp
│   │       └── test
│   ├── oj
│   │   ├── E1
│   │   │   ├── oj_1.cpp
│   │   │   └── test
│   │   ├── E2
│   │   │   ├── Oj_2_2.cpp
│   │   │   ├── Oj_2_2.h
│   │   │   ├── Oj_2.cpp
│   │   │   ├── Oj_2.h
│   │   │   └── test
│   │   ├── oj_0.cpp
│   │   └── oj_0.h
│   ├── readme.md
│   └── test.cpp
├── algorithm
│   ├── L1_1.cpp
│   ├── L1_2.cpp
│   └── test
├── dir.log
└── README.md

11 directories, 28 files
